The system is: Windows - 10.0.19042 - AMD64
Compiling the C compiler identification source file "CMakeCCompilerId.c" succeeded.
Compiler: C:/Program Files/Microsoft Visual Studio/2022/Community/VC/Tools/MSVC/14.30.30705/bin/Hostx64/x64/cl.exe 
Build flags: 
Id flags:  

The output was:
0
Compilateur d'optimisation Microsoft (R) C/C++ version 19.30.30705 pour x64
Copyright (C) Microsoft Corporation. Tous droits réservés.

CMakeCCompilerId.c
Microsoft (R) Incremental Linker Version 14.30.30705.0
Copyright (C) Microsoft Corporation.  All rights reserved.

/out:CMakeCCompilerId.exe 
CMakeCCompilerId.obj 


Compilation of the C compiler identification source "CMakeCCompilerId.c" produced "CMakeCCompilerId.exe"

Compilation of the C compiler identification source "CMakeCCompilerId.c" produced "CMakeCCompilerId.obj"

The C compiler identification is MSVC, found in "C:/Users/pierr/CLionProjects/GrapE/cmake-build-debug/CMakeFiles/3.20.2/CompilerIdC/CMakeCCompilerId.exe"

Compiling the CXX compiler identification source file "CMakeCXXCompilerId.cpp" succeeded.
Compiler: C:/Program Files/Microsoft Visual Studio/2022/Community/VC/Tools/MSVC/14.30.30705/bin/Hostx64/x64/cl.exe 
Build flags: 
Id flags:  

The output was:
0
Compilateur d'optimisation Microsoft (R) C/C++ version 19.30.30705 pour x64
Copyright (C) Microsoft Corporation. Tous droits réservés.

CMakeCXXCompilerId.cpp
Microsoft (R) Incremental Linker Version 14.30.30705.0
Copyright (C) Microsoft Corporation.  All rights reserved.

/out:CMakeCXXCompilerId.exe 
CMakeCXXCompilerId.obj 


Compilation of the CXX compiler identification source "CMakeCXXCompilerId.cpp" produced "CMakeCXXCompilerId.exe"

Compilation of the CXX compiler identification source "CMakeCXXCompilerId.cpp" produced "CMakeCXXCompilerId.obj"

The CXX compiler identification is MSVC, found in "C:/Users/pierr/CLionProjects/GrapE/cmake-build-debug/CMakeFiles/3.20.2/CompilerIdCXX/CMakeCXXCompilerId.exe"

Detecting C compiler ABI info compiled with the following output:
Change Dir: C:/Users/pierr/CLionProjects/GrapE/cmake-build-debug/CMakeFiles/CMakeTmp

Run Build Command(s):nmake -f Makefile /nologo cmTC_82ecf\fast && 	"C:\Program Files\Microsoft Visual Studio\2022\Community\VC\Tools\MSVC\14.30.30705\bin\HostX64\x64\nmake.exe"  -f CMakeFiles\cmTC_82ecf.dir\build.make /nologo -L                  CMakeFiles\cmTC_82ecf.dir\build
Building C object CMakeFiles/cmTC_82ecf.dir/CMakeCCompilerABI.c.obj
	C:\Users\pierr\AppData\Local\JetBrains\Toolbox\apps\CLion\ch-0\212.5457.51\bin\cmake\win\bin\cmake.exe -E cmake_cl_compile_depends --dep-file=CMakeFiles\cmTC_82ecf.dir\CMakeCCompilerABI.c.obj.d --working-dir=C:\Users\pierr\CLionProjects\GrapE\cmake-build-debug\CMakeFiles\CMakeTmp --filter-prefix="" -- C:\PROGRA~1\MICROS~2\2022\COMMUN~1\VC\Tools\MSVC\1430~1.307\bin\Hostx64\x64\cl.exe @C:\Users\pierr\AppData\Local\Temp\nm5D3.tmp
Linking C executable cmTC_82ecf.exe
	C:\Users\pierr\AppData\Local\JetBrains\Toolbox\apps\CLion\ch-0\212.5457.51\bin\cmake\win\bin\cmake.exe -E vs_link_exe --intdir=CMakeFiles\cmTC_82ecf.dir --rc=C:\PROGRA~2\WI3CF2~1\10\bin\100190~1.0\x64\rc.exe --mt=C:\PROGRA~2\WI3CF2~1\10\bin\100190~1.0\x64\mt.exe --manifests -- C:\PROGRA~1\MICROS~2\2022\COMMUN~1\VC\Tools\MSVC\1430~1.307\bin\Hostx64\x64\link.exe /nologo @CMakeFiles\cmTC_82ecf.dir\objects1.rsp @C:\Users\pierr\AppData\Local\Temp\nm680.tmp



Detecting CXX compiler ABI info compiled with the following output:
Change Dir: C:/Users/pierr/CLionProjects/GrapE/cmake-build-debug/CMakeFiles/CMakeTmp

Run Build Command(s):nmake -f Makefile /nologo cmTC_6046c\fast && 	"C:\Program Files\Microsoft Visual Studio\2022\Community\VC\Tools\MSVC\14.30.30705\bin\HostX64\x64\nmake.exe"  -f CMakeFiles\cmTC_6046c.dir\build.make /nologo -L                  CMakeFiles\cmTC_6046c.dir\build
Building CXX object CMakeFiles/cmTC_6046c.dir/CMakeCXXCompilerABI.cpp.obj
	C:\Users\pierr\AppData\Local\JetBrains\Toolbox\apps\CLion\ch-0\212.5457.51\bin\cmake\win\bin\cmake.exe -E cmake_cl_compile_depends --dep-file=CMakeFiles\cmTC_6046c.dir\CMakeCXXCompilerABI.cpp.obj.d --working-dir=C:\Users\pierr\CLionProjects\GrapE\cmake-build-debug\CMakeFiles\CMakeTmp --filter-prefix="" -- C:\PROGRA~1\MICROS~2\2022\COMMUN~1\VC\Tools\MSVC\1430~1.307\bin\Hostx64\x64\cl.exe @C:\Users\pierr\AppData\Local\Temp\nm864.tmp
Linking CXX executable cmTC_6046c.exe
	C:\Users\pierr\AppData\Local\JetBrains\Toolbox\apps\CLion\ch-0\212.5457.51\bin\cmake\win\bin\cmake.exe -E vs_link_exe --intdir=CMakeFiles\cmTC_6046c.dir --rc=C:\PROGRA~2\WI3CF2~1\10\bin\100190~1.0\x64\rc.exe --mt=C:\PROGRA~2\WI3CF2~1\10\bin\100190~1.0\x64\mt.exe --manifests -- C:\PROGRA~1\MICROS~2\2022\COMMUN~1\VC\Tools\MSVC\1430~1.307\bin\Hostx64\x64\link.exe /nologo @CMakeFiles\cmTC_6046c.dir\objects1.rsp @C:\Users\pierr\AppData\Local\Temp\nm920.tmp



